[debug] [2024-02-26T11:45:07.218Z] ----------------------------------------------------------------------
[debug] [2024-02-26T11:45:07.221Z] Command:       C:\Program Files\nodejs\node.exe C:\Users\david\AppData\Roaming\npm\node_modules\firebase-tools\lib\bin\firebase.js init
[debug] [2024-02-26T11:45:07.222Z] CLI Version:   12.5.4
[debug] [2024-02-26T11:45:07.222Z] Platform:      win32
[debug] [2024-02-26T11:45:07.222Z] Node Version:  v20.7.0
[debug] [2024-02-26T11:45:07.222Z] Time:          Mon Feb 26 2024 12:45:07 GMT+0100 (hora estándar de Europa central)
[debug] [2024-02-26T11:45:07.222Z] ----------------------------------------------------------------------
[debug] 
[debug] [2024-02-26T11:45:07.233Z] > command requires scopes: ["email","openid","https://www.googleapis.com/auth/cloudplatformprojects.readonly","https://www.googleapis.com/auth/firebase","https://www.googleapis.com/auth/cloud-platform"]
[debug] [2024-02-26T11:45:07.233Z] > authorizing via signed-in user (dam.david.chircea@gmail.com)
[info] 
     ######## #### ########  ######## ########     ###     ######  ########
     ##        ##  ##     ## ##       ##     ##  ##   ##  ##       ##
     ######    ##  ########  ######   ########  #########  ######  ######
     ##        ##  ##    ##  ##       ##     ## ##     ##       ## ##
     ##       #### ##     ## ######## ########  ##     ##  ######  ########

You're about to initialize a Firebase project in this directory:

  C:\Users\david\StudioProjects\Kotlin

[info] 
=== Project Setup
[info] 
[info] First, let's associate this project directory with a Firebase project.
[info] You can create multiple project aliases by running firebase use --add, 
[info] but for now we'll just set up a default project.
[info] 
[debug] [2024-02-26T11:45:14.163Z] >>> [apiv2][query] GET https://firebase.googleapis.com/v1beta1/projects pageSize=100
[debug] [2024-02-26T11:45:14.706Z] <<< [apiv2][status] GET https://firebase.googleapis.com/v1beta1/projects 200
[debug] [2024-02-26T11:45:14.707Z] <<< [apiv2][body] GET https://firebase.googleapis.com/v1beta1/projects [omitted]
[info] i  Using project kotlin-7a946 (KOTLIN) 
[info] 
=== Database Setup
[info] i  database: ensuring required API firebasedatabase.googleapis.com is enabled... 
[debug] [2024-02-26T11:45:17.935Z] >>> [apiv2][query] GET https://serviceusage.googleapis.com/v1/projects/kotlin-7a946/services/firebasedatabase.googleapis.com [none]
[debug] [2024-02-26T11:45:17.935Z] >>> [apiv2][(partial)header] GET https://serviceusage.googleapis.com/v1/projects/kotlin-7a946/services/firebasedatabase.googleapis.com x-goog-quota-user=projects/kotlin-7a946
[debug] [2024-02-26T11:45:18.937Z] <<< [apiv2][status] GET https://serviceusage.googleapis.com/v1/projects/kotlin-7a946/services/firebasedatabase.googleapis.com 200
[debug] [2024-02-26T11:45:18.937Z] <<< [apiv2][body] GET https://serviceusage.googleapis.com/v1/projects/kotlin-7a946/services/firebasedatabase.googleapis.com [omitted]
[info] +  database: required API firebasedatabase.googleapis.com is enabled 
[info] 
[debug] [2024-02-26T11:45:18.944Z] >>> [apiv2][query] GET https://firebasedatabase.googleapis.com/v1beta/projects/kotlin-7a946/locations/-/instances/kotlin-7a946-default-rtdb [none]
[debug] [2024-02-26T11:45:19.788Z] <<< [apiv2][status] GET https://firebasedatabase.googleapis.com/v1beta/projects/kotlin-7a946/locations/-/instances/kotlin-7a946-default-rtdb 200
[debug] [2024-02-26T11:45:19.789Z] <<< [apiv2][body] GET https://firebasedatabase.googleapis.com/v1beta/projects/kotlin-7a946/locations/-/instances/kotlin-7a946-default-rtdb {"name":"projects/1010210159638/locations/europe-west1/instances/kotlin-7a946-default-rtdb","project":"projects/1010210159638","databaseUrl":"https://kotlin-7a946-default-rtdb.europe-west1.firebasedatabase.app","type":"DEFAULT_DATABASE","state":"ACTIVE"}
[info] 
[info] Firebase Realtime Database Security Rules allow you to define how your data should be
[info] structured and when your data can be read from and written to.
[info] 
[debug] [2024-02-26T11:45:26.456Z] >>> [apiv2][query] GET https://kotlin-7a946-default-rtdb.europe-west1.firebasedatabase.app/.settings/rules.json [none]
[debug] [2024-02-26T11:45:26.692Z] <<< [apiv2][status] GET https://kotlin-7a946-default-rtdb.europe-west1.firebasedatabase.app/.settings/rules.json 200
[debug] [2024-02-26T11:45:26.692Z] <<< [apiv2][body] GET https://kotlin-7a946-default-rtdb.europe-west1.firebasedatabase.app/.settings/rules.json [stream]
[info] +  Database Rules for kotlin-7a946-default-rtdb have been written to database.rules.json. 
[info] Future modifications to database.rules.json will update Realtime Database Security Rules when you run
[info] firebase deploy.
[info] 
=== Firestore Setup
[debug] [2024-02-26T11:45:26.705Z] >>> [apiv2][query] GET https://serviceusage.googleapis.com/v1/projects/kotlin-7a946/services/firestore.googleapis.com [none]
[debug] [2024-02-26T11:45:26.705Z] >>> [apiv2][(partial)header] GET https://serviceusage.googleapis.com/v1/projects/kotlin-7a946/services/firestore.googleapis.com x-goog-quota-user=projects/kotlin-7a946
[debug] [2024-02-26T11:45:27.658Z] <<< [apiv2][status] GET https://serviceusage.googleapis.com/v1/projects/kotlin-7a946/services/firestore.googleapis.com 200
[debug] [2024-02-26T11:45:27.658Z] <<< [apiv2][body] GET https://serviceusage.googleapis.com/v1/projects/kotlin-7a946/services/firestore.googleapis.com [omitted]
[debug] [2024-02-26T11:45:27.659Z] >>> [apiv2][query] GET https://firestore.googleapis.com/v1/projects/kotlin-7a946/databases/(default) [none]
[debug] [2024-02-26T11:45:27.983Z] <<< [apiv2][status] GET https://firestore.googleapis.com/v1/projects/kotlin-7a946/databases/(default) 200
[debug] [2024-02-26T11:45:27.984Z] <<< [apiv2][body] GET https://firestore.googleapis.com/v1/projects/kotlin-7a946/databases/(default) {"name":"projects/kotlin-7a946/databases/(default)","uid":"91c77d4d-774e-4bd9-9318-e30c9836b12b","createTime":"2024-02-26T11:29:40.179610Z","updateTime":"2024-02-26T11:29:40.179610Z","locationId":"eur3","type":"FIRESTORE_NATIVE","concurrencyMode":"PESSIMISTIC","versionRetentionPeriod":"3600s","earliestVersionTime":"2024-02-26T11:29:40.179610Z","appEngineIntegrationMode":"DISABLED","keyPrefix":"e","pointInTimeRecoveryEnablement":"POINT_IN_TIME_RECOVERY_DISABLED","deleteProtectionState":"DELETE_PROTECTION_DISABLED","etag":"IOiT7ZL3yIQDMOzAtoP2yIQD"}
[debug] [2024-02-26T11:45:27.984Z] database_type: FIRESTORE_NATIVE
[debug] [2024-02-26T11:45:27.986Z] > command requires scopes: ["email","openid","https://www.googleapis.com/auth/cloudplatformprojects.readonly","https://www.googleapis.com/auth/firebase","https://www.googleapis.com/auth/cloud-platform"]
[debug] [2024-02-26T11:45:27.986Z] > authorizing via signed-in user (dam.david.chircea@gmail.com)
[debug] [2024-02-26T11:45:27.987Z] [iam] checking project kotlin-7a946 for permissions ["firebase.projects.get"]
[debug] [2024-02-26T11:45:27.991Z] >>> [apiv2][query] POST https://cloudresourcemanager.googleapis.com/v1/projects/kotlin-7a946:testIamPermissions [none]
[debug] [2024-02-26T11:45:27.991Z] >>> [apiv2][(partial)header] POST https://cloudresourcemanager.googleapis.com/v1/projects/kotlin-7a946:testIamPermissions x-goog-quota-user=projects/kotlin-7a946
[debug] [2024-02-26T11:45:27.991Z] >>> [apiv2][body] POST https://cloudresourcemanager.googleapis.com/v1/projects/kotlin-7a946:testIamPermissions {"permissions":["firebase.projects.get"]}
[debug] [2024-02-26T11:45:28.761Z] <<< [apiv2][status] POST https://cloudresourcemanager.googleapis.com/v1/projects/kotlin-7a946:testIamPermissions 200
[debug] [2024-02-26T11:45:28.762Z] <<< [apiv2][body] POST https://cloudresourcemanager.googleapis.com/v1/projects/kotlin-7a946:testIamPermissions {"permissions":["firebase.projects.get"]}
[info] 
[info] Firestore Security Rules allow you to define how and when to allow
[info] requests. You can keep these rules in your project directory
[info] and publish them with firebase deploy.
[info] 
[debug] [2024-02-26T11:45:33.479Z] >>> [apiv2][query] GET https://firebaserules.googleapis.com/v1/projects/kotlin-7a946/releases pageSize=10&pageToken=
[debug] [2024-02-26T11:45:34.422Z] <<< [apiv2][status] GET https://firebaserules.googleapis.com/v1/projects/kotlin-7a946/releases 200
[debug] [2024-02-26T11:45:34.423Z] <<< [apiv2][body] GET https://firebaserules.googleapis.com/v1/projects/kotlin-7a946/releases {"releases":[{"name":"projects/kotlin-7a946/releases/cloud.firestore","rulesetName":"projects/kotlin-7a946/rulesets/8e4b3ad1-bd2b-40da-b0c2-9e19e2650e2f","createTime":"2024-02-26T11:29:44.373302Z","updateTime":"2024-02-26T11:29:44.373302Z"}]}
[debug] [2024-02-26T11:45:34.424Z] Found ruleset: projects/kotlin-7a946/rulesets/8e4b3ad1-bd2b-40da-b0c2-9e19e2650e2f
[debug] [2024-02-26T11:45:34.426Z] >>> [apiv2][query] GET https://firebaserules.googleapis.com/v1/projects/kotlin-7a946/rulesets/8e4b3ad1-bd2b-40da-b0c2-9e19e2650e2f [none]
[debug] [2024-02-26T11:45:35.173Z] <<< [apiv2][status] GET https://firebaserules.googleapis.com/v1/projects/kotlin-7a946/rulesets/8e4b3ad1-bd2b-40da-b0c2-9e19e2650e2f 200
[debug] [2024-02-26T11:45:35.174Z] <<< [apiv2][body] GET https://firebaserules.googleapis.com/v1/projects/kotlin-7a946/rulesets/8e4b3ad1-bd2b-40da-b0c2-9e19e2650e2f [omitted]
[info] 
[info] Firestore indexes allow you to perform complex queries while
[info] maintaining performance that scales with the size of the result
[info] set. You can keep index definitions in your project directory
[info] and publish them with firebase deploy.
[info] 
[debug] [2024-02-26T11:45:40.862Z] >>> [apiv2][query] GET https://firestore.googleapis.com/v1/projects/kotlin-7a946/databases/(default)/collectionGroups/-/indexes [none]
[debug] [2024-02-26T11:45:40.866Z] >>> [apiv2][query] GET https://firestore.googleapis.com/v1/projects/kotlin-7a946/databases/(default)/collectionGroups/-/fields?filter=indexConfig.usesAncestorConfig=false OR ttlConfig:* [none]
[debug] [2024-02-26T11:45:41.123Z] <<< [apiv2][status] GET https://firestore.googleapis.com/v1/projects/kotlin-7a946/databases/(default)/collectionGroups/-/indexes 200
[debug] [2024-02-26T11:45:41.124Z] <<< [apiv2][body] GET https://firestore.googleapis.com/v1/projects/kotlin-7a946/databases/(default)/collectionGroups/-/indexes {}
[debug] [2024-02-26T11:45:41.213Z] <<< [apiv2][status] GET https://firestore.googleapis.com/v1/projects/kotlin-7a946/databases/(default)/collectionGroups/-/fields?filter=indexConfig.usesAncestorConfig=false OR ttlConfig:* 200
[debug] [2024-02-26T11:45:41.214Z] <<< [apiv2][body] GET https://firestore.googleapis.com/v1/projects/kotlin-7a946/databases/(default)/collectionGroups/-/fields?filter=indexConfig.usesAncestorConfig=false OR ttlConfig:* {"fields":[{"name":"projects/kotlin-7a946/databases/(default)/collectionGroups/__default__/fields/*","indexConfig":{"indexes":[{"queryScope":"COLLECTION","fields":[{"fieldPath":"*","order":"ASCENDING"}],"state":"READY"},{"queryScope":"COLLECTION","fields":[{"fieldPath":"*","order":"DESCENDING"}],"state":"READY"},{"queryScope":"COLLECTION","fields":[{"fieldPath":"*","arrayConfig":"CONTAINS"}],"state":"READY"}]}}]}
[info] 
=== Functions Setup
[debug] [2024-02-26T11:45:41.222Z] > command requires scopes: ["email","openid","https://www.googleapis.com/auth/cloudplatformprojects.readonly","https://www.googleapis.com/auth/firebase","https://www.googleapis.com/auth/cloud-platform"]
[debug] [2024-02-26T11:45:41.223Z] > authorizing via signed-in user (dam.david.chircea@gmail.com)
[debug] [2024-02-26T11:45:41.224Z] [iam] checking project kotlin-7a946 for permissions ["firebase.projects.get"]
[debug] [2024-02-26T11:45:41.225Z] >>> [apiv2][query] POST https://cloudresourcemanager.googleapis.com/v1/projects/kotlin-7a946:testIamPermissions [none]
[debug] [2024-02-26T11:45:41.225Z] >>> [apiv2][(partial)header] POST https://cloudresourcemanager.googleapis.com/v1/projects/kotlin-7a946:testIamPermissions x-goog-quota-user=projects/kotlin-7a946
[debug] [2024-02-26T11:45:41.226Z] >>> [apiv2][body] POST https://cloudresourcemanager.googleapis.com/v1/projects/kotlin-7a946:testIamPermissions {"permissions":["firebase.projects.get"]}
[debug] [2024-02-26T11:45:41.444Z] <<< [apiv2][status] POST https://cloudresourcemanager.googleapis.com/v1/projects/kotlin-7a946:testIamPermissions 200
[debug] [2024-02-26T11:45:41.444Z] <<< [apiv2][body] POST https://cloudresourcemanager.googleapis.com/v1/projects/kotlin-7a946:testIamPermissions {"permissions":["firebase.projects.get"]}
[debug] [2024-02-26T11:45:41.446Z] >>> [apiv2][query] GET https://serviceusage.googleapis.com/v1/projects/kotlin-7a946/services/cloudfunctions.googleapis.com [none]
[debug] [2024-02-26T11:45:41.446Z] >>> [apiv2][(partial)header] GET https://serviceusage.googleapis.com/v1/projects/kotlin-7a946/services/cloudfunctions.googleapis.com x-goog-quota-user=projects/kotlin-7a946
[debug] [2024-02-26T11:45:41.460Z] >>> [apiv2][query] GET https://serviceusage.googleapis.com/v1/projects/kotlin-7a946/services/runtimeconfig.googleapis.com [none]
[debug] [2024-02-26T11:45:41.460Z] >>> [apiv2][(partial)header] GET https://serviceusage.googleapis.com/v1/projects/kotlin-7a946/services/runtimeconfig.googleapis.com x-goog-quota-user=projects/kotlin-7a946
[debug] [2024-02-26T11:45:42.364Z] <<< [apiv2][status] GET https://serviceusage.googleapis.com/v1/projects/kotlin-7a946/services/runtimeconfig.googleapis.com 200
[debug] [2024-02-26T11:45:42.364Z] <<< [apiv2][body] GET https://serviceusage.googleapis.com/v1/projects/kotlin-7a946/services/runtimeconfig.googleapis.com [omitted]
[debug] [2024-02-26T11:45:42.369Z] <<< [apiv2][status] GET https://serviceusage.googleapis.com/v1/projects/kotlin-7a946/services/cloudfunctions.googleapis.com 200
[debug] [2024-02-26T11:45:42.369Z] <<< [apiv2][body] GET https://serviceusage.googleapis.com/v1/projects/kotlin-7a946/services/cloudfunctions.googleapis.com [omitted]
[info] 
Detected existing codebase(s): default

[info] 
Overwriting codebase default...

[info] +  Wrote functions/package.json 
[info] +  Wrote functions/.eslintrc.js 
[info] +  Wrote functions/index.js 
[info] +  Wrote functions/.gitignore 
[info] 
=== Hosting Setup
[info] 
[info] Your public directory is the folder (relative to your project directory) that
[info] will contain Hosting assets to be uploaded with firebase deploy. If you
[info] have a build process for your assets, use your build's output directory.
[info] 
[debug] [2024-02-26T11:46:04.258Z] >>> [apiv2][query] GET https://www.gstatic.com/firebasejs/releases.json [none]
[debug] [2024-02-26T11:46:04.332Z] <<< [apiv2][status] GET https://www.gstatic.com/firebasejs/releases.json 200
[debug] [2024-02-26T11:46:04.332Z] <<< [apiv2][body] GET https://www.gstatic.com/firebasejs/releases.json {"current":{"version":"10.8.0","browserURL":"https://www.gstatic.com/firebasejs/10.8.0/firebase.js","packageURL":"https://www.gstatic.com/firebasejs/10.8.0/firebase.tgz"},"live":{"version":"10.8","browserURL":"https://www.gstatic.com/firebasejs/live/10.8/firebase.js","packageURL":"https://www.gstatic.com/firebasejs/live/10.8/firebase.tgz"},"components":{"analytics":"https://www.gstatic.com/firebasejs/10.8.0/firebase-analytics.js","app":"https://www.gstatic.com/firebasejs/10.8.0/firebase-app.js","app-check":"https://www.gstatic.com/firebasejs/10.8.0/firebase-app-check.js","auth":"https://www.gstatic.com/firebasejs/10.8.0/firebase-auth.js","auth/cordova":"https://www.gstatic.com/firebasejs/10.8.0/firebase-auth/cordova.js","auth/web-extension":"https://www.gstatic.com/firebasejs/10.8.0/firebase-auth/web-extension.js","functions":"https://www.gstatic.com/firebasejs/10.8.0/firebase-functions.js","firestore":"https://www.gstatic.com/firebasejs/10.8.0/firebase-firestore.js","firestore/lite":"https://www.gstatic.com/firebasejs/10.8.0/firebase-firestore/lite.js","installations":"https://www.gstatic.com/firebasejs/10.8.0/firebase-installations.js","storage":"https://www.gstatic.com/firebasejs/10.8.0/firebase-storage.js","performance":"https://www.gstatic.com/firebasejs/10.8.0/firebase-performance.js","remote-config":"https://www.gstatic.com/firebasejs/10.8.0/firebase-remote-config.js","messaging":"https://www.gstatic.com/firebasejs/10.8.0/firebase-messaging.js","messaging/sw":"https://www.gstatic.com/firebasejs/10.8.0/firebase-messaging/sw.js","database":"https://www.gstatic.com/firebasejs/10.8.0/firebase-database.js","firestore.memory":"https://www.gstatic.com/firebasejs/10.8.0/firebase-firestore.memory.js"}}
[info] +  Wrote public/index.html 
[info] 
[info] i  Detected a .git folder at C:\Users\david\StudioProjects\Kotlin 
[info] i  Authorizing with GitHub to upload your service account to a GitHub repository's secrets store. 
[info] 
[info] Visit this URL on this device to log in:
[info] https://github.com/login/oauth/authorize?client_id=89cf50f02ac6aaed3484&state=705066749&redirect_uri=http%3A%2F%2Flocalhost%3A9005&scope=read%3Auser%20repo%20public_repo
[info] 
[info] Waiting for authentication...
[debug] [2024-02-26T11:46:14.770Z] >>> [apiv2][query] POST https://github.com/login/oauth/access_token [none]
[debug] [2024-02-26T11:46:14.771Z] >>> [apiv2][body] POST https://github.com/login/oauth/access_token [stream]
[debug] [2024-02-26T11:46:15.101Z] <<< [apiv2][status] POST https://github.com/login/oauth/access_token 200
[debug] [2024-02-26T11:46:15.101Z] <<< [apiv2][body] POST https://github.com/login/oauth/access_token {"access_token":"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","token_type":"bearer","scope":"read:user,repo"}
[debug] [2024-02-26T11:46:15.107Z] >>> [apiv2][query] GET https://api.github.com/user [none]
[debug] [2024-02-26T11:46:15.462Z] <<< [apiv2][status] GET https://api.github.com/user 200
[debug] [2024-02-26T11:46:15.462Z] <<< [apiv2][body] GET https://api.github.com/user {"login":"Dchidre","id":103987266,"node_id":"U_kgDOBjK4Qg","avatar_url":"https://avatars.githubusercontent.com/u/103987266?v=4","gravatar_id":"","url":"https://api.github.com/users/Dchidre","html_url":"https://github.com/Dchidre","followers_url":"https://api.github.com/users/Dchidre/followers","following_url":"https://api.github.com/users/Dchidre/following{/other_user}","gists_url":"https://api.github.com/users/Dchidre/gists{/gist_id}","starred_url":"https://api.github.com/users/Dchidre/starred{/owner}{/repo}","subscriptions_url":"https://api.github.com/users/Dchidre/subscriptions","organizations_url":"https://api.github.com/users/Dchidre/orgs","repos_url":"https://api.github.com/users/Dchidre/repos","events_url":"https://api.github.com/users/Dchidre/events{/privacy}","received_events_url":"https://api.github.com/users/Dchidre/received_events","type":"User","site_admin":false,"name":"Chircea","company":null,"blog":"","location":null,"email":null,"hireable":null,"bio":null,"twitter_username":null,"public_repos":6,"public_gists":0,"followers":0,"following":0,"created_at":"2022-04-19T06:42:06Z","updated_at":"2024-02-17T16:44:41Z","private_gists":0,"total_private_repos":0,"owned_private_repos":0,"disk_usage":8558,"collaborators":0,"two_factor_authentication":false,"plan":{"name":"free","space":976562499,"collaborators":0,"private_repos":10000}}
[info] 
[info] +  Success! Logged into GitHub as Dchidre 
[info] 
[debug] [2024-02-26T11:46:21.363Z] >>> [apiv2][query] GET https://api.github.com/repos//actions/secrets/public-key type=owner
[debug] [2024-02-26T11:46:21.640Z] <<< [apiv2][status] GET https://api.github.com/repos//actions/secrets/public-key 404
[debug] [2024-02-26T11:46:21.641Z] <<< [apiv2][body] GET https://api.github.com/repos//actions/secrets/public-key {"message":"Not Found","documentation_url":"https://docs.github.com/rest"}
[info] 
[info] 
[error] !  The provided authorization cannot be used with this repository. If this repository is in an organization, did you remember to grant access? 
[info] 
[info] i  Action required: Visit this URL to ensure access has been granted to the appropriate organization(s) for the Firebase CLI GitHub OAuth App: 
[info] https://github.com/settings/connections/applications/89cf50f02ac6aaed3484
[info] 
[debug] [2024-02-26T11:46:34.674Z] ----------------------------------------------------------------------
[debug] [2024-02-26T11:46:34.678Z] Command:       C:\Program Files\nodejs\node.exe C:\Users\david\AppData\Roaming\npm\node_modules\firebase-tools\lib\bin\firebase.js init
[debug] [2024-02-26T11:46:34.678Z] CLI Version:   12.5.4
[debug] [2024-02-26T11:46:34.679Z] Platform:      win32
[debug] [2024-02-26T11:46:34.679Z] Node Version:  v20.7.0
[debug] [2024-02-26T11:46:34.679Z] Time:          Mon Feb 26 2024 12:46:34 GMT+0100 (hora estándar de Europa central)
[debug] [2024-02-26T11:46:34.679Z] ----------------------------------------------------------------------
[debug] 
[debug] [2024-02-26T11:46:34.692Z] > command requires scopes: ["email","openid","https://www.googleapis.com/auth/cloudplatformprojects.readonly","https://www.googleapis.com/auth/firebase","https://www.googleapis.com/auth/cloud-platform"]
[debug] [2024-02-26T11:46:34.693Z] > authorizing via signed-in user (dam.david.chircea@gmail.com)
[info] 
     ######## #### ########  ######## ########     ###     ######  ########
     ##        ##  ##     ## ##       ##     ##  ##   ##  ##       ##
     ######    ##  ########  ######   ########  #########  ######  ######
     ##        ##  ##    ##  ##       ##     ## ##     ##       ## ##
     ##       #### ##     ## ######## ########  ##     ##  ######  ########

You're about to initialize a Firebase project in this directory:

  C:\Users\david\StudioProjects\Kotlin

[info] 
=== Project Setup
[info] 
[info] First, let's associate this project directory with a Firebase project.
[info] You can create multiple project aliases by running firebase use --add, 
[info] but for now we'll just set up a default project.
[info] 
[debug] [2024-02-26T11:46:41.417Z] >>> [apiv2][query] GET https://firebase.googleapis.com/v1beta1/projects pageSize=100
[debug] [2024-02-26T11:46:42.049Z] <<< [apiv2][status] GET https://firebase.googleapis.com/v1beta1/projects 200
[debug] [2024-02-26T11:46:42.050Z] <<< [apiv2][body] GET https://firebase.googleapis.com/v1beta1/projects [omitted]
[info] i  Using project kotlin-7a946 (KOTLIN) 
[info] 
=== Database Setup
[info] i  database: ensuring required API firebasedatabase.googleapis.com is enabled... 
[debug] [2024-02-26T11:46:44.834Z] >>> [apiv2][query] GET https://serviceusage.googleapis.com/v1/projects/kotlin-7a946/services/firebasedatabase.googleapis.com [none]
[debug] [2024-02-26T11:46:44.834Z] >>> [apiv2][(partial)header] GET https://serviceusage.googleapis.com/v1/projects/kotlin-7a946/services/firebasedatabase.googleapis.com x-goog-quota-user=projects/kotlin-7a946
[debug] [2024-02-26T11:46:45.685Z] <<< [apiv2][status] GET https://serviceusage.googleapis.com/v1/projects/kotlin-7a946/services/firebasedatabase.googleapis.com 200
[debug] [2024-02-26T11:46:45.686Z] <<< [apiv2][body] GET https://serviceusage.googleapis.com/v1/projects/kotlin-7a946/services/firebasedatabase.googleapis.com [omitted]
[info] +  database: required API firebasedatabase.googleapis.com is enabled 
[info] 
[debug] [2024-02-26T11:46:45.692Z] >>> [apiv2][query] GET https://firebasedatabase.googleapis.com/v1beta/projects/kotlin-7a946/locations/-/instances/kotlin-7a946-default-rtdb [none]
[debug] [2024-02-26T11:46:46.439Z] <<< [apiv2][status] GET https://firebasedatabase.googleapis.com/v1beta/projects/kotlin-7a946/locations/-/instances/kotlin-7a946-default-rtdb 200
[debug] [2024-02-26T11:46:46.439Z] <<< [apiv2][body] GET https://firebasedatabase.googleapis.com/v1beta/projects/kotlin-7a946/locations/-/instances/kotlin-7a946-default-rtdb {"name":"projects/1010210159638/locations/europe-west1/instances/kotlin-7a946-default-rtdb","project":"projects/1010210159638","databaseUrl":"https://kotlin-7a946-default-rtdb.europe-west1.firebasedatabase.app","type":"DEFAULT_DATABASE","state":"ACTIVE"}
[info] 
[info] Firebase Realtime Database Security Rules allow you to define how your data should be
[info] structured and when your data can be read from and written to.
[info] 
[debug] [2024-02-26T11:46:51.319Z] >>> [apiv2][query] GET https://kotlin-7a946-default-rtdb.europe-west1.firebasedatabase.app/.settings/rules.json [none]
[debug] [2024-02-26T11:46:51.438Z] <<< [apiv2][status] GET https://kotlin-7a946-default-rtdb.europe-west1.firebasedatabase.app/.settings/rules.json 200
[debug] [2024-02-26T11:46:51.439Z] <<< [apiv2][body] GET https://kotlin-7a946-default-rtdb.europe-west1.firebasedatabase.app/.settings/rules.json [stream]
[info] +  Database Rules for kotlin-7a946-default-rtdb have been written to database.rules.json. 
[info] Future modifications to database.rules.json will update Realtime Database Security Rules when you run
[info] firebase deploy.
[info] 
=== Firestore Setup
[debug] [2024-02-26T11:46:51.452Z] >>> [apiv2][query] GET https://serviceusage.googleapis.com/v1/projects/kotlin-7a946/services/firestore.googleapis.com [none]
[debug] [2024-02-26T11:46:51.453Z] >>> [apiv2][(partial)header] GET https://serviceusage.googleapis.com/v1/projects/kotlin-7a946/services/firestore.googleapis.com x-goog-quota-user=projects/kotlin-7a946
[debug] [2024-02-26T11:46:52.389Z] <<< [apiv2][status] GET https://serviceusage.googleapis.com/v1/projects/kotlin-7a946/services/firestore.googleapis.com 200
[debug] [2024-02-26T11:46:52.392Z] <<< [apiv2][body] GET https://serviceusage.googleapis.com/v1/projects/kotlin-7a946/services/firestore.googleapis.com [omitted]
[debug] [2024-02-26T11:46:52.395Z] >>> [apiv2][query] GET https://firestore.googleapis.com/v1/projects/kotlin-7a946/databases/(default) [none]
[debug] [2024-02-26T11:46:52.676Z] <<< [apiv2][status] GET https://firestore.googleapis.com/v1/projects/kotlin-7a946/databases/(default) 200
[debug] [2024-02-26T11:46:52.676Z] <<< [apiv2][body] GET https://firestore.googleapis.com/v1/projects/kotlin-7a946/databases/(default) {"name":"projects/kotlin-7a946/databases/(default)","uid":"91c77d4d-774e-4bd9-9318-e30c9836b12b","createTime":"2024-02-26T11:29:40.179610Z","updateTime":"2024-02-26T11:29:40.179610Z","locationId":"eur3","type":"FIRESTORE_NATIVE","concurrencyMode":"PESSIMISTIC","versionRetentionPeriod":"3600s","earliestVersionTime":"2024-02-26T11:29:40.179610Z","appEngineIntegrationMode":"DISABLED","keyPrefix":"e","pointInTimeRecoveryEnablement":"POINT_IN_TIME_RECOVERY_DISABLED","deleteProtectionState":"DELETE_PROTECTION_DISABLED","etag":"IMexnrv3yIQDMOzAtoP2yIQD"}
[debug] [2024-02-26T11:46:52.677Z] database_type: FIRESTORE_NATIVE
[debug] [2024-02-26T11:46:52.678Z] > command requires scopes: ["email","openid","https://www.googleapis.com/auth/cloudplatformprojects.readonly","https://www.googleapis.com/auth/firebase","https://www.googleapis.com/auth/cloud-platform"]
[debug] [2024-02-26T11:46:52.678Z] > authorizing via signed-in user (dam.david.chircea@gmail.com)
[debug] [2024-02-26T11:46:52.678Z] [iam] checking project kotlin-7a946 for permissions ["firebase.projects.get"]
[debug] [2024-02-26T11:46:52.680Z] >>> [apiv2][query] POST https://cloudresourcemanager.googleapis.com/v1/projects/kotlin-7a946:testIamPermissions [none]
[debug] [2024-02-26T11:46:52.680Z] >>> [apiv2][(partial)header] POST https://cloudresourcemanager.googleapis.com/v1/projects/kotlin-7a946:testIamPermissions x-goog-quota-user=projects/kotlin-7a946
[debug] [2024-02-26T11:46:52.680Z] >>> [apiv2][body] POST https://cloudresourcemanager.googleapis.com/v1/projects/kotlin-7a946:testIamPermissions {"permissions":["firebase.projects.get"]}
[debug] [2024-02-26T11:46:53.374Z] <<< [apiv2][status] POST https://cloudresourcemanager.googleapis.com/v1/projects/kotlin-7a946:testIamPermissions 200
[debug] [2024-02-26T11:46:53.375Z] <<< [apiv2][body] POST https://cloudresourcemanager.googleapis.com/v1/projects/kotlin-7a946:testIamPermissions {"permissions":["firebase.projects.get"]}
[info] 
[info] Firestore Security Rules allow you to define how and when to allow
[info] requests. You can keep these rules in your project directory
[info] and publish them with firebase deploy.
[info] 
[debug] [2024-02-26T11:46:56.029Z] >>> [apiv2][query] GET https://firebaserules.googleapis.com/v1/projects/kotlin-7a946/releases pageSize=10&pageToken=
[debug] [2024-02-26T11:46:56.287Z] <<< [apiv2][status] GET https://firebaserules.googleapis.com/v1/projects/kotlin-7a946/releases 200
[debug] [2024-02-26T11:46:56.287Z] <<< [apiv2][body] GET https://firebaserules.googleapis.com/v1/projects/kotlin-7a946/releases {"releases":[{"name":"projects/kotlin-7a946/releases/cloud.firestore","rulesetName":"projects/kotlin-7a946/rulesets/8e4b3ad1-bd2b-40da-b0c2-9e19e2650e2f","createTime":"2024-02-26T11:29:44.373302Z","updateTime":"2024-02-26T11:29:44.373302Z"}]}
[debug] [2024-02-26T11:46:56.288Z] Found ruleset: projects/kotlin-7a946/rulesets/8e4b3ad1-bd2b-40da-b0c2-9e19e2650e2f
[debug] [2024-02-26T11:46:56.290Z] >>> [apiv2][query] GET https://firebaserules.googleapis.com/v1/projects/kotlin-7a946/rulesets/8e4b3ad1-bd2b-40da-b0c2-9e19e2650e2f [none]
[debug] [2024-02-26T11:46:57.040Z] <<< [apiv2][status] GET https://firebaserules.googleapis.com/v1/projects/kotlin-7a946/rulesets/8e4b3ad1-bd2b-40da-b0c2-9e19e2650e2f 200
[debug] [2024-02-26T11:46:57.040Z] <<< [apiv2][body] GET https://firebaserules.googleapis.com/v1/projects/kotlin-7a946/rulesets/8e4b3ad1-bd2b-40da-b0c2-9e19e2650e2f [omitted]
[info] 
[info] Firestore indexes allow you to perform complex queries while
[info] maintaining performance that scales with the size of the result
[info] set. You can keep index definitions in your project directory
[info] and publish them with firebase deploy.
[info] 
[debug] [2024-02-26T11:46:59.578Z] >>> [apiv2][query] GET https://firestore.googleapis.com/v1/projects/kotlin-7a946/databases/(default)/collectionGroups/-/indexes [none]
[debug] [2024-02-26T11:46:59.581Z] >>> [apiv2][query] GET https://firestore.googleapis.com/v1/projects/kotlin-7a946/databases/(default)/collectionGroups/-/fields?filter=indexConfig.usesAncestorConfig=false OR ttlConfig:* [none]
[debug] [2024-02-26T11:46:59.818Z] <<< [apiv2][status] GET https://firestore.googleapis.com/v1/projects/kotlin-7a946/databases/(default)/collectionGroups/-/indexes 200
[debug] [2024-02-26T11:46:59.818Z] <<< [apiv2][body] GET https://firestore.googleapis.com/v1/projects/kotlin-7a946/databases/(default)/collectionGroups/-/indexes {}
[debug] [2024-02-26T11:46:59.833Z] <<< [apiv2][status] GET https://firestore.googleapis.com/v1/projects/kotlin-7a946/databases/(default)/collectionGroups/-/fields?filter=indexConfig.usesAncestorConfig=false OR ttlConfig:* 200
[debug] [2024-02-26T11:46:59.834Z] <<< [apiv2][body] GET https://firestore.googleapis.com/v1/projects/kotlin-7a946/databases/(default)/collectionGroups/-/fields?filter=indexConfig.usesAncestorConfig=false OR ttlConfig:* {"fields":[{"name":"projects/kotlin-7a946/databases/(default)/collectionGroups/__default__/fields/*","indexConfig":{"indexes":[{"queryScope":"COLLECTION","fields":[{"fieldPath":"*","order":"ASCENDING"}],"state":"READY"},{"queryScope":"COLLECTION","fields":[{"fieldPath":"*","order":"DESCENDING"}],"state":"READY"},{"queryScope":"COLLECTION","fields":[{"fieldPath":"*","arrayConfig":"CONTAINS"}],"state":"READY"}]}}]}
[info] 
=== Functions Setup
[debug] [2024-02-26T11:46:59.843Z] > command requires scopes: ["email","openid","https://www.googleapis.com/auth/cloudplatformprojects.readonly","https://www.googleapis.com/auth/firebase","https://www.googleapis.com/auth/cloud-platform"]
[debug] [2024-02-26T11:46:59.844Z] > authorizing via signed-in user (dam.david.chircea@gmail.com)
[debug] [2024-02-26T11:46:59.845Z] [iam] checking project kotlin-7a946 for permissions ["firebase.projects.get"]
[debug] [2024-02-26T11:46:59.846Z] >>> [apiv2][query] POST https://cloudresourcemanager.googleapis.com/v1/projects/kotlin-7a946:testIamPermissions [none]
[debug] [2024-02-26T11:46:59.846Z] >>> [apiv2][(partial)header] POST https://cloudresourcemanager.googleapis.com/v1/projects/kotlin-7a946:testIamPermissions x-goog-quota-user=projects/kotlin-7a946
[debug] [2024-02-26T11:46:59.847Z] >>> [apiv2][body] POST https://cloudresourcemanager.googleapis.com/v1/projects/kotlin-7a946:testIamPermissions {"permissions":["firebase.projects.get"]}
[debug] [2024-02-26T11:47:00.049Z] <<< [apiv2][status] POST https://cloudresourcemanager.googleapis.com/v1/projects/kotlin-7a946:testIamPermissions 200
[debug] [2024-02-26T11:47:00.049Z] <<< [apiv2][body] POST https://cloudresourcemanager.googleapis.com/v1/projects/kotlin-7a946:testIamPermissions {"permissions":["firebase.projects.get"]}
[debug] [2024-02-26T11:47:00.050Z] >>> [apiv2][query] GET https://serviceusage.googleapis.com/v1/projects/kotlin-7a946/services/cloudfunctions.googleapis.com [none]
[debug] [2024-02-26T11:47:00.050Z] >>> [apiv2][(partial)header] GET https://serviceusage.googleapis.com/v1/projects/kotlin-7a946/services/cloudfunctions.googleapis.com x-goog-quota-user=projects/kotlin-7a946
[debug] [2024-02-26T11:47:00.056Z] >>> [apiv2][query] GET https://serviceusage.googleapis.com/v1/projects/kotlin-7a946/services/runtimeconfig.googleapis.com [none]
[debug] [2024-02-26T11:47:00.056Z] >>> [apiv2][(partial)header] GET https://serviceusage.googleapis.com/v1/projects/kotlin-7a946/services/runtimeconfig.googleapis.com x-goog-quota-user=projects/kotlin-7a946
[debug] [2024-02-26T11:47:00.862Z] <<< [apiv2][status] GET https://serviceusage.googleapis.com/v1/projects/kotlin-7a946/services/runtimeconfig.googleapis.com 200
[debug] [2024-02-26T11:47:00.862Z] <<< [apiv2][body] GET https://serviceusage.googleapis.com/v1/projects/kotlin-7a946/services/runtimeconfig.googleapis.com [omitted]
[debug] [2024-02-26T11:47:00.927Z] <<< [apiv2][status] GET https://serviceusage.googleapis.com/v1/projects/kotlin-7a946/services/cloudfunctions.googleapis.com 200
[debug] [2024-02-26T11:47:00.928Z] <<< [apiv2][body] GET https://serviceusage.googleapis.com/v1/projects/kotlin-7a946/services/cloudfunctions.googleapis.com [omitted]
[info] 
Detected existing codebase(s): default

[info] 
Overwriting codebase default...

[info] +  Wrote functions/package.json 
[info] +  Wrote functions/.eslintrc.js 
[info] +  Wrote functions/index.js 
[info] +  Wrote functions/.gitignore 
[info] 
=== Hosting Setup
[info] 
[info] Your public directory is the folder (relative to your project directory) that
[info] will contain Hosting assets to be uploaded with firebase deploy. If you
[info] have a build process for your assets, use your build's output directory.
[info] 
[debug] [2024-02-26T11:47:27.217Z] >>> [apiv2][query] GET https://www.gstatic.com/firebasejs/releases.json [none]
[debug] [2024-02-26T11:47:27.273Z] <<< [apiv2][status] GET https://www.gstatic.com/firebasejs/releases.json 200
[debug] [2024-02-26T11:47:27.273Z] <<< [apiv2][body] GET https://www.gstatic.com/firebasejs/releases.json {"current":{"version":"10.8.0","browserURL":"https://www.gstatic.com/firebasejs/10.8.0/firebase.js","packageURL":"https://www.gstatic.com/firebasejs/10.8.0/firebase.tgz"},"live":{"version":"10.8","browserURL":"https://www.gstatic.com/firebasejs/live/10.8/firebase.js","packageURL":"https://www.gstatic.com/firebasejs/live/10.8/firebase.tgz"},"components":{"analytics":"https://www.gstatic.com/firebasejs/10.8.0/firebase-analytics.js","app":"https://www.gstatic.com/firebasejs/10.8.0/firebase-app.js","app-check":"https://www.gstatic.com/firebasejs/10.8.0/firebase-app-check.js","auth":"https://www.gstatic.com/firebasejs/10.8.0/firebase-auth.js","auth/cordova":"https://www.gstatic.com/firebasejs/10.8.0/firebase-auth/cordova.js","auth/web-extension":"https://www.gstatic.com/firebasejs/10.8.0/firebase-auth/web-extension.js","functions":"https://www.gstatic.com/firebasejs/10.8.0/firebase-functions.js","firestore":"https://www.gstatic.com/firebasejs/10.8.0/firebase-firestore.js","firestore/lite":"https://www.gstatic.com/firebasejs/10.8.0/firebase-firestore/lite.js","installations":"https://www.gstatic.com/firebasejs/10.8.0/firebase-installations.js","storage":"https://www.gstatic.com/firebasejs/10.8.0/firebase-storage.js","performance":"https://www.gstatic.com/firebasejs/10.8.0/firebase-performance.js","remote-config":"https://www.gstatic.com/firebasejs/10.8.0/firebase-remote-config.js","messaging":"https://www.gstatic.com/firebasejs/10.8.0/firebase-messaging.js","messaging/sw":"https://www.gstatic.com/firebasejs/10.8.0/firebase-messaging/sw.js","database":"https://www.gstatic.com/firebasejs/10.8.0/firebase-database.js","firestore.memory":"https://www.gstatic.com/firebasejs/10.8.0/firebase-firestore.memory.js"}}
[info] +  Wrote public/index.html 
[info] 
=== Storage Setup
[info] 
[info] Firebase Storage Security Rules allow you to define how and when to allow
[info] uploads and downloads. You can keep these rules in your project directory
[info] and publish them with firebase deploy.
[info] 
[info] +  Wrote storage.rules 
[info] 
=== Emulators Setup
[info] i  firestore: downloading cloud-firestore-emulator-v1.18.2.jar... {"metadata":{"emulator":{"name":"firestore"},"message":"downloading cloud-firestore-emulator-v1.18.2.jar..."}}
[debug] [2024-02-26T11:49:16.486Z] >>> [apiv2][query] GET https://storage.googleapis.com/firebase-preview-drop/emulator/cloud-firestore-emulator-v1.18.2.jar 
[debug] [2024-02-26T11:49:16.698Z] <<< [apiv2][status] GET https://storage.googleapis.com/firebase-preview-drop/emulator/cloud-firestore-emulator-v1.18.2.jar 200
[debug] [2024-02-26T11:49:16.698Z] <<< [apiv2][body] GET https://storage.googleapis.com/firebase-preview-drop/emulator/cloud-firestore-emulator-v1.18.2.jar [stream]
[info] i  database: downloading firebase-database-emulator-v4.11.2.jar... {"metadata":{"emulator":{"name":"database"},"message":"downloading firebase-database-emulator-v4.11.2.jar..."}}
[debug] [2024-02-26T11:49:22.428Z] >>> [apiv2][query] GET https://storage.googleapis.com/firebase-preview-drop/emulator/firebase-database-emulator-v4.11.2.jar 
[debug] [2024-02-26T11:49:22.643Z] <<< [apiv2][status] GET https://storage.googleapis.com/firebase-preview-drop/emulator/firebase-database-emulator-v4.11.2.jar 200
[debug] [2024-02-26T11:49:22.644Z] <<< [apiv2][body] GET https://storage.googleapis.com/firebase-preview-drop/emulator/firebase-database-emulator-v4.11.2.jar [stream]
[info] i  pubsub: downloading pubsub-emulator-0.7.1.zip... {"metadata":{"emulator":{"name":"pubsub"},"message":"downloading pubsub-emulator-0.7.1.zip..."}}
[debug] [2024-02-26T11:49:26.132Z] >>> [apiv2][query] GET https://storage.googleapis.com/firebase-preview-drop/emulator/pubsub-emulator-0.7.1.zip 
[debug] [2024-02-26T11:49:26.344Z] <<< [apiv2][status] GET https://storage.googleapis.com/firebase-preview-drop/emulator/pubsub-emulator-0.7.1.zip 200
[debug] [2024-02-26T11:49:26.344Z] <<< [apiv2][body] GET https://storage.googleapis.com/firebase-preview-drop/emulator/pubsub-emulator-0.7.1.zip [stream]
[debug] [2024-02-26T11:49:32.276Z] Data is 65137179
[debug] [2024-02-26T11:49:32.277Z] [unzip] Entry: pubsub-emulator/ (compressed_size=0 bytes, uncompressed_size=0 bytes)
[debug] [2024-02-26T11:49:32.277Z] [unzip] Processing entry: pubsub-emulator\
[debug] [2024-02-26T11:49:32.277Z] [unzip] mkdir: C:\Users\david\.cache\firebase\emulators\pubsub-emulator-0.7.1\pubsub-emulator\
[debug] [2024-02-26T11:49:32.278Z] [unzip] Entry: pubsub-emulator/lib/ (compressed_size=0 bytes, uncompressed_size=0 bytes)
[debug] [2024-02-26T11:49:32.278Z] [unzip] Processing entry: pubsub-emulator\lib\
[debug] [2024-02-26T11:49:32.278Z] [unzip] mkdir: C:\Users\david\.cache\firebase\emulators\pubsub-emulator-0.7.1\pubsub-emulator\lib\
[debug] [2024-02-26T11:49:32.279Z] [unzip] Entry: pubsub-emulator/lib/cloud-pubsub-emulator-0.7.1.jar (compressed_size=65133164 bytes, uncompressed_size=70597065 bytes)
[debug] [2024-02-26T11:49:32.279Z] [unzip] Processing entry: pubsub-emulator\lib\cloud-pubsub-emulator-0.7.1.jar
[debug] [2024-02-26T11:49:32.279Z] [unzip] else mkdir: C:\Users\david\.cache\firebase\emulators\pubsub-emulator-0.7.1\pubsub-emulator\lib
[debug] [2024-02-26T11:49:32.279Z] [unzip] deflating: C:\Users\david\.cache\firebase\emulators\pubsub-emulator-0.7.1\pubsub-emulator\lib\cloud-pubsub-emulator-0.7.1.jar
[debug] [2024-02-26T11:49:32.954Z] [unzip] Entry: pubsub-emulator/bin/ (compressed_size=0 bytes, uncompressed_size=0 bytes)
[debug] [2024-02-26T11:49:32.954Z] [unzip] Processing entry: pubsub-emulator\bin\
[debug] [2024-02-26T11:49:32.954Z] [unzip] mkdir: C:\Users\david\.cache\firebase\emulators\pubsub-emulator-0.7.1\pubsub-emulator\bin\
[debug] [2024-02-26T11:49:32.955Z] [unzip] Entry: pubsub-emulator/bin/cloud-pubsub-emulator.bat (compressed_size=885 bytes, uncompressed_size=2271 bytes)
[debug] [2024-02-26T11:49:32.955Z] [unzip] Processing entry: pubsub-emulator\bin\cloud-pubsub-emulator.bat
[debug] [2024-02-26T11:49:32.955Z] [unzip] else mkdir: C:\Users\david\.cache\firebase\emulators\pubsub-emulator-0.7.1\pubsub-emulator\bin
[debug] [2024-02-26T11:49:32.955Z] [unzip] deflating: C:\Users\david\.cache\firebase\emulators\pubsub-emulator-0.7.1\pubsub-emulator\bin\cloud-pubsub-emulator.bat
[debug] [2024-02-26T11:49:32.957Z] [unzip] Entry: pubsub-emulator/bin/cloud-pubsub-emulator (compressed_size=1954 bytes, uncompressed_size=5142 bytes)
[debug] [2024-02-26T11:49:32.957Z] [unzip] Processing entry: pubsub-emulator\bin\cloud-pubsub-emulator
[debug] [2024-02-26T11:49:32.957Z] [unzip] else mkdir: C:\Users\david\.cache\firebase\emulators\pubsub-emulator-0.7.1\pubsub-emulator\bin
[debug] [2024-02-26T11:49:32.957Z] [unzip] deflating: C:\Users\david\.cache\firebase\emulators\pubsub-emulator-0.7.1\pubsub-emulator\bin\cloud-pubsub-emulator
[info] i  storage: downloading cloud-storage-rules-runtime-v1.1.3.jar... {"metadata":{"emulator":{"name":"storage"},"message":"downloading cloud-storage-rules-runtime-v1.1.3.jar..."}}
[debug] [2024-02-26T11:49:32.964Z] >>> [apiv2][query] GET https://storage.googleapis.com/firebase-preview-drop/emulator/cloud-storage-rules-runtime-v1.1.3.jar 
[debug] [2024-02-26T11:49:33.164Z] <<< [apiv2][status] GET https://storage.googleapis.com/firebase-preview-drop/emulator/cloud-storage-rules-runtime-v1.1.3.jar 200
[debug] [2024-02-26T11:49:33.164Z] <<< [apiv2][body] GET https://storage.googleapis.com/firebase-preview-drop/emulator/cloud-storage-rules-runtime-v1.1.3.jar [stream]
[info] i  ui: downloading ui-v1.11.7.zip... {"metadata":{"emulator":{"name":"ui"},"message":"downloading ui-v1.11.7.zip..."}}
[debug] [2024-02-26T11:49:37.832Z] >>> [apiv2][query] GET https://storage.googleapis.com/firebase-preview-drop/emulator/ui-v1.11.7.zip 
[info] 
=== Remoteconfig Setup
[debug] [2024-02-26T11:49:37.983Z] <<< [apiv2][status] GET https://storage.googleapis.com/firebase-preview-drop/emulator/ui-v1.11.7.zip 200
[debug] [2024-02-26T11:49:37.984Z] <<< [apiv2][body] GET https://storage.googleapis.com/firebase-preview-drop/emulator/ui-v1.11.7.zip [stream]
[debug] [2024-02-26T11:49:38.256Z] Data is 3064105
[debug] [2024-02-26T11:49:38.257Z] [unzip] Entry: client/ (compressed_size=0 bytes, uncompressed_size=0 bytes)
[debug] [2024-02-26T11:49:38.257Z] [unzip] Processing entry: client\
[debug] [2024-02-26T11:49:38.257Z] [unzip] mkdir: C:\Users\david\.cache\firebase\emulators\ui-v1.11.7\client\
[debug] [2024-02-26T11:49:38.258Z] [unzip] Entry: client/favicon.ico (compressed_size=2497 bytes, uncompressed_size=7406 bytes)
[debug] [2024-02-26T11:49:38.258Z] [unzip] Processing entry: client\favicon.ico
[debug] [2024-02-26T11:49:38.258Z] [unzip] else mkdir: C:\Users\david\.cache\firebase\emulators\ui-v1.11.7\client
[debug] [2024-02-26T11:49:38.258Z] [unzip] deflating: C:\Users\david\.cache\firebase\emulators\ui-v1.11.7\client\favicon.ico
[debug] [2024-02-26T11:49:38.262Z] [unzip] Entry: client/apple-touch-icon.png (compressed_size=7231 bytes, uncompressed_size=7367 bytes)
[debug] [2024-02-26T11:49:38.262Z] [unzip] Processing entry: client\apple-touch-icon.png
[debug] [2024-02-26T11:49:38.262Z] [unzip] else mkdir: C:\Users\david\.cache\firebase\emulators\ui-v1.11.7\client
[debug] [2024-02-26T11:49:38.263Z] [unzip] deflating: C:\Users\david\.cache\firebase\emulators\ui-v1.11.7\client\apple-touch-icon.png
[debug] [2024-02-26T11:49:38.264Z] [unzip] Entry: client/android-chrome-512x512.png (compressed_size=16987 bytes, uncompressed_size=18186 bytes)
[debug] [2024-02-26T11:49:38.264Z] [unzip] Processing entry: client\android-chrome-512x512.png
[debug] [2024-02-26T11:49:38.264Z] [unzip] else mkdir: C:\Users\david\.cache\firebase\emulators\ui-v1.11.7\client
[debug] [2024-02-26T11:49:38.265Z] [unzip] deflating: C:\Users\david\.cache\firebase\emulators\ui-v1.11.7\client\android-chrome-512x512.png
[debug] [2024-02-26T11:49:38.267Z] [unzip] Entry: client/assets/ (compressed_size=0 bytes, uncompressed_size=0 bytes)
[debug] [2024-02-26T11:49:38.267Z] [unzip] Processing entry: client\assets\
[debug] [2024-02-26T11:49:38.267Z] [unzip] mkdir: C:\Users\david\.cache\firebase\emulators\ui-v1.11.7\client\assets\
[debug] [2024-02-26T11:49:38.268Z] [unzip] Entry: client/assets/extensions/ (compressed_size=0 bytes, uncompressed_size=0 bytes)
[debug] [2024-02-26T11:49:38.269Z] [unzip] Processing entry: client\assets\extensions\
[debug] [2024-02-26T11:49:38.269Z] [unzip] mkdir: C:\Users\david\.cache\firebase\emulators\ui-v1.11.7\client\assets\extensions\
[debug] [2024-02-26T11:49:38.269Z] [unzip] Entry: client/assets/extensions/default-extension.png (compressed_size=1646 bytes, uncompressed_size=1657 bytes)
[debug] [2024-02-26T11:49:38.269Z] [unzip] Processing entry: client\assets\extensions\default-extension.png
[debug] [2024-02-26T11:49:38.269Z] [unzip] else mkdir: C:\Users\david\.cache\firebase\emulators\ui-v1.11.7\client\assets\extensions
[debug] [2024-02-26T11:49:38.270Z] [unzip] deflating: C:\Users\david\.cache\firebase\emulators\ui-v1.11.7\client\assets\extensions\default-extension.png
[debug] [2024-02-26T11:49:38.272Z] [unzip] Entry: client/assets/index.58ca09f7.css (compressed_size=37601 bytes, uncompressed_size=321252 bytes)
[debug] [2024-02-26T11:49:38.272Z] [unzip] Processing entry: client\assets\index.58ca09f7.css
[debug] [2024-02-26T11:49:38.272Z] [unzip] else mkdir: C:\Users\david\.cache\firebase\emulators\ui-v1.11.7\client\assets
[debug] [2024-02-26T11:49:38.272Z] [unzip] deflating: C:\Users\david\.cache\firebase\emulators\ui-v1.11.7\client\assets\index.58ca09f7.css
[debug] [2024-02-26T11:49:38.276Z] [unzip] Entry: client/assets/index.c2583d42.js (compressed_size=526232 bytes, uncompressed_size=1860152 bytes)
[debug] [2024-02-26T11:49:38.276Z] [unzip] Processing entry: client\assets\index.c2583d42.js
[debug] [2024-02-26T11:49:38.276Z] [unzip] else mkdir: C:\Users\david\.cache\firebase\emulators\ui-v1.11.7\client\assets
[debug] [2024-02-26T11:49:38.277Z] [unzip] deflating: C:\Users\david\.cache\firebase\emulators\ui-v1.11.7\client\assets\index.c2583d42.js
[debug] [2024-02-26T11:49:38.292Z] [unzip] Entry: client/assets/provider-icons/ (compressed_size=0 bytes, uncompressed_size=0 bytes)
[debug] [2024-02-26T11:49:38.293Z] [unzip] Processing entry: client\assets\provider-icons\
[debug] [2024-02-26T11:49:38.293Z] [unzip] mkdir: C:\Users\david\.cache\firebase\emulators\ui-v1.11.7\client\assets\provider-icons\
[debug] [2024-02-26T11:49:38.294Z] [unzip] Entry: client/assets/provider-icons/auth_service_oidc.svg (compressed_size=414 bytes, uncompressed_size=858 bytes)
[debug] [2024-02-26T11:49:38.295Z] [unzip] Processing entry: client\assets\provider-icons\auth_service_oidc.svg
[debug] [2024-02-26T11:49:38.295Z] [unzip] else mkdir: C:\Users\david\.cache\firebase\emulators\ui-v1.11.7\client\assets\provider-icons
[debug] [2024-02-26T11:49:38.295Z] [unzip] deflating: C:\Users\david\.cache\firebase\emulators\ui-v1.11.7\client\assets\provider-icons\auth_service_oidc.svg
[debug] [2024-02-26T11:49:38.297Z] [unzip] Entry: client/assets/provider-icons/auth_service_yahoo.svg (compressed_size=577 bytes, uncompressed_size=1182 bytes)
[debug] [2024-02-26T11:49:38.297Z] [unzip] Processing entry: client\assets\provider-icons\auth_service_yahoo.svg
[debug] [2024-02-26T11:49:38.297Z] [unzip] else mkdir: C:\Users\david\.cache\firebase\emulators\ui-v1.11.7\client\assets\provider-icons
[debug] [2024-02-26T11:49:38.297Z] [unzip] deflating: C:\Users\david\.cache\firebase\emulators\ui-v1.11.7\client\assets\provider-icons\auth_service_yahoo.svg
[debug] [2024-02-26T11:49:38.337Z] [unzip] Entry: client/assets/provider-icons/auth_service_phone.svg (compressed_size=261 bytes, uncompressed_size=414 bytes)
[debug] [2024-02-26T11:49:38.337Z] [unzip] Processing entry: client\assets\provider-icons\auth_service_phone.svg
[debug] [2024-02-26T11:49:38.337Z] [unzip] else mkdir: C:\Users\david\.cache\firebase\emulators\ui-v1.11.7\client\assets\provider-icons
[debug] [2024-02-26T11:49:38.338Z] [unzip] deflating: C:\Users\david\.cache\firebase\emulators\ui-v1.11.7\client\assets\provider-icons\auth_service_phone.svg
[debug] [2024-02-26T11:49:38.340Z] [unzip] Entry: client/assets/provider-icons/auth_service_saml.svg (compressed_size=575 bytes, uncompressed_size=1226 bytes)
[debug] [2024-02-26T11:49:38.340Z] [unzip] Processing entry: client\assets\provider-icons\auth_service_saml.svg
[debug] [2024-02-26T11:49:38.340Z] [unzip] else mkdir: C:\Users\david\.cache\firebase\emulators\ui-v1.11.7\client\assets\provider-icons
[debug] [2024-02-26T11:49:38.341Z] [unzip] deflating: C:\Users\david\.cache\firebase\emulators\ui-v1.11.7\client\assets\provider-icons\auth_service_saml.svg
[debug] [2024-02-26T11:49:38.342Z] [unzip] Entry: client/assets/provider-icons/auth_service_mslive.svg (compressed_size=203 bytes, uncompressed_size=378 bytes)
[debug] [2024-02-26T11:49:38.343Z] [unzip] Processing entry: client\assets\provider-icons\auth_service_mslive.svg
[debug] [2024-02-26T11:49:38.343Z] [unzip] else mkdir: C:\Users\david\.cache\firebase\emulators\ui-v1.11.7\client\assets\provider-icons
[debug] [2024-02-26T11:49:38.343Z] [unzip] deflating: C:\Users\david\.cache\firebase\emulators\ui-v1.11.7\client\assets\provider-icons\auth_service_mslive.svg
[debug] [2024-02-26T11:49:38.345Z] [unzip] Entry: client/assets/provider-icons/auth_service_facebook.svg (compressed_size=289 bytes, uncompressed_size=457 bytes)
[debug] [2024-02-26T11:49:38.345Z] [unzip] Processing entry: client\assets\provider-icons\auth_service_facebook.svg
[debug] [2024-02-26T11:49:38.345Z] [unzip] else mkdir: C:\Users\david\.cache\firebase\emulators\ui-v1.11.7\client\assets\provider-icons
[debug] [2024-02-26T11:49:38.345Z] [unzip] deflating: C:\Users\david\.cache\firebase\emulators\ui-v1.11.7\client\assets\provider-icons\auth_service_facebook.svg
[debug] [2024-02-26T11:49:38.347Z] [unzip] Entry: client/assets/provider-icons/auth_service_play_games.svg (compressed_size=565 bytes, uncompressed_size=1173 bytes)
[debug] [2024-02-26T11:49:38.347Z] [unzip] Processing entry: client\assets\provider-icons\auth_service_play_games.svg
[debug] [2024-02-26T11:49:38.347Z] [unzip] else mkdir: C:\Users\david\.cache\firebase\emulators\ui-v1.11.7\client\assets\provider-icons
[debug] [2024-02-26T11:49:38.347Z] [unzip] deflating: C:\Users\david\.cache\firebase\emulators\ui-v1.11.7\client\assets\provider-icons\auth_service_play_games.svg
[debug] [2024-02-26T11:49:38.349Z] [unzip] Entry: client/assets/provider-icons/auth_service_github.svg (compressed_size=466 bytes, uncompressed_size=838 bytes)
[debug] [2024-02-26T11:49:38.349Z] [unzip] Processing entry: client\assets\provider-icons\auth_service_github.svg
[debug] [2024-02-26T11:49:38.349Z] [unzip] else mkdir: C:\Users\david\.cache\firebase\emulators\ui-v1.11.7\client\assets\provider-icons
[debug] [2024-02-26T11:49:38.349Z] [unzip] deflating: C:\Users\david\.cache\firebase\emulators\ui-v1.11.7\client\assets\provider-icons\auth_service_github.svg
[debug] [2024-02-26T11:49:38.351Z] [unzip] Entry: client/assets/provider-icons/auth_service_apple.svg (compressed_size=230 bytes, uncompressed_size=334 bytes)
[debug] [2024-02-26T11:49:38.351Z] [unzip] Processing entry: client\assets\provider-icons\auth_service_apple.svg
[debug] [2024-02-26T11:49:38.351Z] [unzip] else mkdir: C:\Users\david\.cache\firebase\emulators\ui-v1.11.7\client\assets\provider-icons
[debug] [2024-02-26T11:49:38.351Z] [unzip] deflating: C:\Users\david\.cache\firebase\emulators\ui-v1.11.7\client\assets\provider-icons\auth_service_apple.svg
[debug] [2024-02-26T11:49:38.352Z] [unzip] Entry: client/assets/provider-icons/auth_service_google.svg (compressed_size=409 bytes, uncompressed_size=720 bytes)
[debug] [2024-02-26T11:49:38.353Z] [unzip] Processing entry: client\assets\provider-icons\auth_service_google.svg
[debug] [2024-02-26T11:49:38.353Z] [unzip] else mkdir: C:\Users\david\.cache\firebase\emulators\ui-v1.11.7\client\assets\provider-icons
[debug] [2024-02-26T11:49:38.353Z] [unzip] deflating: C:\Users\david\.cache\firebase\emulators\ui-v1.11.7\client\assets\provider-icons\auth_service_google.svg
[debug] [2024-02-26T11:49:38.355Z] [unzip] Entry: client/assets/provider-icons/auth_service_email.svg (compressed_size=228 bytes, uncompressed_size=326 bytes)
[debug] [2024-02-26T11:49:38.355Z] [unzip] Processing entry: client\assets\provider-icons\auth_service_email.svg
[debug] [2024-02-26T11:49:38.355Z] [unzip] else mkdir: C:\Users\david\.cache\firebase\emulators\ui-v1.11.7\client\assets\provider-icons
[debug] [2024-02-26T11:49:38.355Z] [unzip] deflating: C:\Users\david\.cache\firebase\emulators\ui-v1.11.7\client\assets\provider-icons\auth_service_email.svg
[debug] [2024-02-26T11:49:38.356Z] [unzip] Entry: client/assets/provider-icons/auth_service_twitter.svg (compressed_size=444 bytes, uncompressed_size=751 bytes)
[debug] [2024-02-26T11:49:38.356Z] [unzip] Processing entry: client\assets\provider-icons\auth_service_twitter.svg
[debug] [2024-02-26T11:49:38.357Z] [unzip] else mkdir: C:\Users\david\.cache\firebase\emulators\ui-v1.11.7\client\assets\provider-icons
[debug] [2024-02-26T11:49:38.357Z] [unzip] deflating: C:\Users\david\.cache\firebase\emulators\ui-v1.11.7\client\assets\provider-icons\auth_service_twitter.svg
[debug] [2024-02-26T11:49:38.358Z] [unzip] Entry: client/assets/provider-icons/auth_service_game_center.svg (compressed_size=991 bytes, uncompressed_size=3921 bytes)
[debug] [2024-02-26T11:49:38.358Z] [unzip] Processing entry: client\assets\provider-icons\auth_service_game_center.svg
[debug] [2024-02-26T11:49:38.358Z] [unzip] else mkdir: C:\Users\david\.cache\firebase\emulators\ui-v1.11.7\client\assets\provider-icons
[debug] [2024-02-26T11:49:38.359Z] [unzip] deflating: C:\Users\david\.cache\firebase\emulators\ui-v1.11.7\client\assets\provider-icons\auth_service_game_center.svg
[debug] [2024-02-26T11:49:38.360Z] [unzip] Entry: client/assets/index.c2583d42.js.map (compressed_size=1778557 bytes, uncompressed_size=7961927 bytes)
[debug] [2024-02-26T11:49:38.360Z] [unzip] Processing entry: client\assets\index.c2583d42.js.map
[debug] [2024-02-26T11:49:38.360Z] [unzip] else mkdir: C:\Users\david\.cache\firebase\emulators\ui-v1.11.7\client\assets
[debug] [2024-02-26T11:49:38.361Z] [unzip] deflating: C:\Users\david\.cache\firebase\emulators\ui-v1.11.7\client\assets\index.c2583d42.js.map
[debug] [2024-02-26T11:49:38.409Z] [unzip] Entry: client/assets/img/ (compressed_size=0 bytes, uncompressed_size=0 bytes)
[debug] [2024-02-26T11:49:38.410Z] [unzip] Processing entry: client\assets\img\
[debug] [2024-02-26T11:49:38.410Z] [unzip] mkdir: C:\Users\david\.cache\firebase\emulators\ui-v1.11.7\client\assets\img\
[debug] [2024-02-26T11:49:38.410Z] [unzip] Entry: client/assets/img/database.png (compressed_size=29449 bytes, uncompressed_size=29988 bytes)
[debug] [2024-02-26T11:49:38.411Z] [unzip] Processing entry: client\assets\img\database.png
[debug] [2024-02-26T11:49:38.411Z] [unzip] else mkdir: C:\Users\david\.cache\firebase\emulators\ui-v1.11.7\client\assets\img
[debug] [2024-02-26T11:49:38.411Z] [unzip] deflating: C:\Users\david\.cache\firebase\emulators\ui-v1.11.7\client\assets\img\database.png
[debug] [2024-02-26T11:49:38.412Z] [unzip] Entry: client/safari-pinned-tab.svg (compressed_size=838 bytes, uncompressed_size=1504 bytes)
[debug] [2024-02-26T11:49:38.413Z] [unzip] Processing entry: client\safari-pinned-tab.svg
[debug] [2024-02-26T11:49:38.413Z] [unzip] else mkdir: C:\Users\david\.cache\firebase\emulators\ui-v1.11.7\client
[debug] [2024-02-26T11:49:38.413Z] [unzip] deflating: C:\Users\david\.cache\firebase\emulators\ui-v1.11.7\client\safari-pinned-tab.svg
[debug] [2024-02-26T11:49:38.414Z] [unzip] Entry: client/mstile-150x150.png (compressed_size=5406 bytes, uncompressed_size=5723 bytes)
[debug] [2024-02-26T11:49:38.414Z] [unzip] Processing entry: client\mstile-150x150.png
[debug] [2024-02-26T11:49:38.414Z] [unzip] else mkdir: C:\Users\david\.cache\firebase\emulators\ui-v1.11.7\client
[debug] [2024-02-26T11:49:38.415Z] [unzip] deflating: C:\Users\david\.cache\firebase\emulators\ui-v1.11.7\client\mstile-150x150.png
[debug] [2024-02-26T11:49:38.416Z] [unzip] Entry: client/browserconfig.xml (compressed_size=491 bytes, uncompressed_size=822 bytes)
[debug] [2024-02-26T11:49:38.417Z] [unzip] Processing entry: client\browserconfig.xml
[debug] [2024-02-26T11:49:38.417Z] [unzip] else mkdir: C:\Users\david\.cache\firebase\emulators\ui-v1.11.7\client
[debug] [2024-02-26T11:49:38.449Z] [unzip] deflating: C:\Users\david\.cache\firebase\emulators\ui-v1.11.7\client\browserconfig.xml
[debug] [2024-02-26T11:49:38.451Z] [unzip] Entry: client/robots.txt (compressed_size=26 bytes, uncompressed_size=26 bytes)
[debug] [2024-02-26T11:49:38.452Z] [unzip] Processing entry: client\robots.txt
[debug] [2024-02-26T11:49:38.452Z] [unzip] else mkdir: C:\Users\david\.cache\firebase\emulators\ui-v1.11.7\client
[debug] [2024-02-26T11:49:38.452Z] [unzip] Writing file: C:\Users\david\.cache\firebase\emulators\ui-v1.11.7\client\robots.txt
[debug] [2024-02-26T11:49:38.453Z] [unzip] Entry: client/index.html (compressed_size=1363 bytes, uncompressed_size=3064 bytes)
[debug] [2024-02-26T11:49:38.454Z] [unzip] Processing entry: client\index.html
[debug] [2024-02-26T11:49:38.454Z] [unzip] else mkdir: C:\Users\david\.cache\firebase\emulators\ui-v1.11.7\client
[debug] [2024-02-26T11:49:38.455Z] [unzip] deflating: C:\Users\david\.cache\firebase\emulators\ui-v1.11.7\client\index.html
[debug] [2024-02-26T11:49:38.456Z] [unzip] Entry: client/favicon-16x16.png (compressed_size=757 bytes, uncompressed_size=777 bytes)
[debug] [2024-02-26T11:49:38.456Z] [unzip] Processing entry: client\favicon-16x16.png
[debug] [2024-02-26T11:49:38.456Z] [unzip] else mkdir: C:\Users\david\.cache\firebase\emulators\ui-v1.11.7\client
[debug] [2024-02-26T11:49:38.457Z] [unzip] deflating: C:\Users\david\.cache\firebase\emulators\ui-v1.11.7\client\favicon-16x16.png
[debug] [2024-02-26T11:49:38.458Z] [unzip] Entry: client/manifest.json (compressed_size=246 bytes, uncompressed_size=551 bytes)
[debug] [2024-02-26T11:49:38.458Z] [unzip] Processing entry: client\manifest.json
[debug] [2024-02-26T11:49:38.458Z] [unzip] else mkdir: C:\Users\david\.cache\firebase\emulators\ui-v1.11.7\client
[debug] [2024-02-26T11:49:38.458Z] [unzip] deflating: C:\Users\david\.cache\firebase\emulators\ui-v1.11.7\client\manifest.json
[debug] [2024-02-26T11:49:38.460Z] [unzip] Entry: client/favicon-32x32.png (compressed_size=1175 bytes, uncompressed_size=1175 bytes)
[debug] [2024-02-26T11:49:38.460Z] [unzip] Processing entry: client\favicon-32x32.png
[debug] [2024-02-26T11:49:38.460Z] [unzip] else mkdir: C:\Users\david\.cache\firebase\emulators\ui-v1.11.7\client
[debug] [2024-02-26T11:49:38.460Z] [unzip] Writing file: C:\Users\david\.cache\firebase\emulators\ui-v1.11.7\client\favicon-32x32.png
[debug] [2024-02-26T11:49:38.461Z] [unzip] Entry: client/android-chrome-192x192.png (compressed_size=7602 bytes, uncompressed_size=7834 bytes)
[debug] [2024-02-26T11:49:38.461Z] [unzip] Processing entry: client\android-chrome-192x192.png
[debug] [2024-02-26T11:49:38.462Z] [unzip] else mkdir: C:\Users\david\.cache\firebase\emulators\ui-v1.11.7\client
[debug] [2024-02-26T11:49:38.462Z] [unzip] deflating: C:\Users\david\.cache\firebase\emulators\ui-v1.11.7\client\android-chrome-192x192.png
[debug] [2024-02-26T11:49:38.463Z] [unzip] Entry: server/ (compressed_size=0 bytes, uncompressed_size=0 bytes)
[debug] [2024-02-26T11:49:38.463Z] [unzip] Processing entry: server\
[debug] [2024-02-26T11:49:38.464Z] [unzip] mkdir: C:\Users\david\.cache\firebase\emulators\ui-v1.11.7\server\
[debug] [2024-02-26T11:49:38.464Z] [unzip] Entry: server/server.js (compressed_size=343746 bytes, uncompressed_size=1346374 bytes)
[debug] [2024-02-26T11:49:38.464Z] [unzip] Processing entry: server\server.js
[debug] [2024-02-26T11:49:38.464Z] [unzip] else mkdir: C:\Users\david\.cache\firebase\emulators\ui-v1.11.7\server
[debug] [2024-02-26T11:49:38.464Z] [unzip] deflating: C:\Users\david\.cache\firebase\emulators\ui-v1.11.7\server\server.js
[debug] [2024-02-26T11:49:38.474Z] [unzip] Entry: server/server.js.map (compressed_size=289157 bytes, uncompressed_size=1325651 bytes)
[debug] [2024-02-26T11:49:38.474Z] [unzip] Processing entry: server\server.js.map
[debug] [2024-02-26T11:49:38.474Z] [unzip] else mkdir: C:\Users\david\.cache\firebase\emulators\ui-v1.11.7\server
[debug] [2024-02-26T11:49:38.474Z] [unzip] deflating: C:\Users\david\.cache\firebase\emulators\ui-v1.11.7\server\server.js.map
